{"/Users/joos/Documents/2022/code/nodebird/nodebird/controllers/user.js": {"path":"/Users/joos/Documents/2022/code/nodebird/nodebird/controllers/user.js","statementMap":{"0":{"start":{"line":1,"column":13},"end":{"line":1,"column":38}},"1":{"start":{"line":3,"column":0},"end":{"line":16,"column":2}},"2":{"start":{"line":4,"column":2},"end":{"line":15,"column":3}},"3":{"start":{"line":5,"column":17},"end":{"line":5,"column":67}},"4":{"start":{"line":6,"column":4},"end":{"line":11,"column":5}},"5":{"start":{"line":7,"column":6},"end":{"line":7,"column":59}},"6":{"start":{"line":8,"column":6},"end":{"line":8,"column":26}},"7":{"start":{"line":10,"column":6},"end":{"line":10,"column":38}},"8":{"start":{"line":13,"column":4},"end":{"line":13,"column":23}},"9":{"start":{"line":14,"column":4},"end":{"line":14,"column":14}},"10":{"start":{"line":18,"column":0},"end":{"line":29,"column":2}},"11":{"start":{"line":19,"column":2},"end":{"line":28,"column":18}},"12":{"start":{"line":20,"column":17},"end":{"line":20,"column":67}},"13":{"start":{"line":22,"column":4},"end":{"line":27,"column":5}},"14":{"start":{"line":23,"column":6},"end":{"line":23,"column":62}},"15":{"start":{"line":24,"column":6},"end":{"line":24,"column":26}},"16":{"start":{"line":26,"column":6},"end":{"line":26,"column":38}},"17":{"start":{"line":31,"column":0},"end":{"line":49,"column":2}},"18":{"start":{"line":32,"column":2},"end":{"line":48,"column":3}},"19":{"start":{"line":33,"column":4},"end":{"line":43,"column":5}},"20":{"start":{"line":34,"column":6},"end":{"line":37,"column":8}},"21":{"start":{"line":38,"column":11},"end":{"line":43,"column":5}},"22":{"start":{"line":39,"column":6},"end":{"line":42,"column":8}},"23":{"start":{"line":45,"column":4},"end":{"line":45,"column":36}},"24":{"start":{"line":47,"column":4},"end":{"line":47,"column":14}}},"fnMap":{"0":{"name":"(anonymous_0)","decl":{"start":{"line":3,"column":23},"end":{"line":3,"column":24}},"loc":{"start":{"line":3,"column":49},"end":{"line":16,"column":1}},"line":3},"1":{"name":"(anonymous_1)","decl":{"start":{"line":18,"column":26},"end":{"line":18,"column":27}},"loc":{"start":{"line":18,"column":52},"end":{"line":29,"column":1}},"line":18},"2":{"name":"(anonymous_2)","decl":{"start":{"line":31,"column":26},"end":{"line":31,"column":27}},"loc":{"start":{"line":31,"column":52},"end":{"line":49,"column":1}},"line":31}},"branchMap":{"0":{"loc":{"start":{"line":6,"column":4},"end":{"line":11,"column":5}},"type":"if","locations":[{"start":{"line":6,"column":4},"end":{"line":11,"column":5}},{"start":{"line":9,"column":11},"end":{"line":11,"column":5}}],"line":6},"1":{"loc":{"start":{"line":22,"column":4},"end":{"line":27,"column":5}},"type":"if","locations":[{"start":{"line":22,"column":4},"end":{"line":27,"column":5}},{"start":{"line":25,"column":11},"end":{"line":27,"column":5}}],"line":22},"2":{"loc":{"start":{"line":33,"column":4},"end":{"line":43,"column":5}},"type":"if","locations":[{"start":{"line":33,"column":4},"end":{"line":43,"column":5}},{"start":{"line":38,"column":11},"end":{"line":43,"column":5}}],"line":33},"3":{"loc":{"start":{"line":38,"column":11},"end":{"line":43,"column":5}},"type":"if","locations":[{"start":{"line":38,"column":11},"end":{"line":43,"column":5}},{"start":{},"end":{}}],"line":38}},"s":{"0":1,"1":1,"2":3,"3":3,"4":2,"5":1,"6":1,"7":1,"8":1,"9":1,"10":1,"11":0,"12":0,"13":0,"14":0,"15":0,"16":0,"17":1,"18":0,"19":0,"20":0,"21":0,"22":0,"23":0,"24":0},"f":{"0":3,"1":0,"2":0},"b":{"0":[1,1],"1":[0,0],"2":[0,0],"3":[0,0]},"_coverageSchema":"1a1c01bbd47fc00a2c39e90264f33305004495a9","hash":"6beaa037db5729fe358a4068d942044ad21aef27"}
,"/Users/joos/Documents/2022/code/nodebird/nodebird/models/user.js": {"path":"/Users/joos/Documents/2022/code/nodebird/nodebird/models/user.js","statementMap":{"0":{"start":{"line":1,"column":18},"end":{"line":1,"column":38}},"1":{"start":{"line":3,"column":0},"end":{"line":57,"column":2}},"2":{"start":{"line":5,"column":4},"end":{"line":40,"column":6}},"3":{"start":{"line":44,"column":4},"end":{"line":44,"column":29}},"4":{"start":{"line":45,"column":4},"end":{"line":49,"column":7}},"5":{"start":{"line":50,"column":4},"end":{"line":54,"column":7}},"6":{"start":{"line":55,"column":4},"end":{"line":55,"column":56}}},"fnMap":{"0":{"name":"(anonymous_0)","decl":{"start":{"line":4,"column":2},"end":{"line":4,"column":3}},"loc":{"start":{"line":4,"column":25},"end":{"line":41,"column":3}},"line":4},"1":{"name":"(anonymous_1)","decl":{"start":{"line":43,"column":2},"end":{"line":43,"column":3}},"loc":{"start":{"line":43,"column":23},"end":{"line":56,"column":3}},"line":43}},"branchMap":{},"s":{"0":2,"1":2,"2":1,"3":1,"4":1,"5":1,"6":1},"f":{"0":1,"1":1},"b":{},"_coverageSchema":"1a1c01bbd47fc00a2c39e90264f33305004495a9","hash":"7debb8c077801d3819a62fec07bc7677bc50bb22"}
,"/Users/joos/Documents/2022/code/nodebird/nodebird/routes/middlewares.js": {"path":"/Users/joos/Documents/2022/code/nodebird/nodebird/routes/middlewares.js","statementMap":{"0":{"start":{"line":1,"column":0},"end":{"line":7,"column":2}},"1":{"start":{"line":2,"column":2},"end":{"line":6,"column":3}},"2":{"start":{"line":3,"column":4},"end":{"line":3,"column":11}},"3":{"start":{"line":5,"column":4},"end":{"line":5,"column":35}},"4":{"start":{"line":9,"column":0},"end":{"line":16,"column":2}},"5":{"start":{"line":10,"column":2},"end":{"line":15,"column":3}},"6":{"start":{"line":11,"column":4},"end":{"line":11,"column":11}},"7":{"start":{"line":13,"column":20},"end":{"line":13,"column":53}},"8":{"start":{"line":14,"column":4},"end":{"line":14,"column":39}}},"fnMap":{"0":{"name":"(anonymous_0)","decl":{"start":{"line":1,"column":21},"end":{"line":1,"column":22}},"loc":{"start":{"line":1,"column":41},"end":{"line":7,"column":1}},"line":1},"1":{"name":"(anonymous_1)","decl":{"start":{"line":9,"column":24},"end":{"line":9,"column":25}},"loc":{"start":{"line":9,"column":44},"end":{"line":16,"column":1}},"line":9}},"branchMap":{"0":{"loc":{"start":{"line":2,"column":2},"end":{"line":6,"column":3}},"type":"if","locations":[{"start":{"line":2,"column":2},"end":{"line":6,"column":3}},{"start":{"line":4,"column":9},"end":{"line":6,"column":3}}],"line":2},"1":{"loc":{"start":{"line":10,"column":2},"end":{"line":15,"column":3}},"type":"if","locations":[{"start":{"line":10,"column":2},"end":{"line":15,"column":3}},{"start":{"line":12,"column":9},"end":{"line":15,"column":3}}],"line":10}},"s":{"0":1,"1":2,"2":1,"3":1,"4":1,"5":2,"6":1,"7":1,"8":1},"f":{"0":2,"1":2},"b":{"0":[1,1],"1":[1,1]},"_coverageSchema":"1a1c01bbd47fc00a2c39e90264f33305004495a9","hash":"00a429a21ec57128d1982590051da5e77ff0200a"}
}
